PID 71924 received SIGSEGV for address: 0x7c
/home/nox/mega/GitHub/JavaScript/csmarket/node_modules/segfault-handler/build/Release/segfault-handler.node(+0x372d)[0x7fe6f827f72d]
/lib/x86_64-linux-gnu/libc.so.6(+0x42520)[0x7fe6f7c42520]
node(_ZNK2v88internal13ScopeIterator15VisitLocalScopeERKSt8functionIFbNS0_6HandleINS0_6StringEEENS3_INS0_6ObjectEEENS1_9ScopeTypeEEENS1_4ModeES8_+0x14d)[0xe5185d]
node(_ZN2v88internal13ScopeIterator11ScopeObjectENS1_4ModeE+0x67)[0xe51fa7]
node(_ZN2v88internal13DebugEvaluate14ContextBuilderC1EPNS0_7IsolateEPNS0_15JavaScriptFrameEi+0xf0)[0xe43eb0]
node(_ZN2v88internal13DebugEvaluate5LocalEPNS0_7IsolateENS0_12StackFrameIdEiNS0_6HandleINS0_6StringEEEb+0x82)[0xe44122]
node(_ZN2v88internal23DebugStackTraceIterator8EvaluateENS_5LocalINS_6StringEEEb+0x60)[0xe533f0]
node(_ZN12v8_inspector19V8DebuggerAgentImpl19evaluateOnCallFrameERKNS_8String16ES3_N8v8_crdtp6detail10ValueMaybeIS1_EENS6_IbEES8_S8_S8_S8_NS6_IdEEPSt10unique_ptrINS_8protocol7Runtime12RemoteObjectESt14default_deleteISD_EEPNS5_8PtrMaybeINSC_16ExceptionDetailsEEE+0x286)[0x13b0886]
node(_ZN12v8_inspector8protocol8Debugger20DomainDispatcherImpl19evaluateOnCallFrameERKN8v8_crdtp12DispatchableE+0x30f)[0x16385cf]
node(_ZN8v8_crdtp14UberDispatcher14DispatchResult3RunEv+0x1b)[0x13f208b]
node(_ZN12v8_inspector22V8InspectorSessionImpl23dispatchProtocolMessageENS_10StringViewE+0x1a0)[0x13bdea0]
node[0xc8b5c5]
node[0xcac511]
node[0xcaaa0e]
node[0xcaad5e]
node[0xcab17a]
node(_ZN4node11Environment21RunAndClearInterruptsEv+0x148)[0xb01308]
node(_ZN4node9inspector19NodeInspectorClient21runMessageLoopOnPauseEi+0x8c)[0xc9333c]
node(_ZN12v8_inspector10V8Debugger18handleProgramBreakEN2v85LocalINS1_7ContextEEENS2_INS1_5ValueEEERKSt6vectorIiSaIiEENS1_4base7EnumSetINS1_5debug11BreakReasonEiEENSE_13ExceptionTypeEb+0x2e5)[0x1397145]
node(_ZN12v8_inspector10V8Debugger21BreakProgramRequestedEN2v85LocalINS1_7ContextEEERKSt6vectorIiSaIiEENS1_4base7EnumSetINS1_5debug11BreakReasonEiEE+0x1a)[0x139719a]
node(_ZN2v88internal5Debug12OnDebugBreakENS0_6HandleINS0_10FixedArrayEEENS0_10StepActionENS_4base7EnumSetINS_5debug11BreakReasonEiEE+0x1b2)[0xe5ede2]
node(_ZN2v88internal5Debug5BreakEPNS0_15JavaScriptFrameENS0_6HandleINS0_10JSFunctionEEE+0x220)[0xe5f010]
node(_ZN2v88internal28Runtime_DebugBreakOnBytecodeEiPmPNS0_7IsolateE+0x246)[0x12d3c36]
node[0x17081f9]
